<?xml version="1.0" encoding="UTF-8"?>
<!-- Generated by org.testng.reporters.JUnitXMLReporter -->
<testsuite hostname="DESKTOP-DD4D3IC" name="Default test" tests="4" failures="0" timestamp="17 Jul 2018 06:27:32 GMT" time="0.043" errors="0">
  <testcase name="test1" time="0.011" classname="com.reports.TestReport"/>
  <testcase name="test2" time="0.001" classname="com.reports.TestReport"/>
  <testcase name="test3" time="0.002" classname="com.reports.TestReport"/>
  <testcase name="testReport" time="0.003" classname="com.reports.TestReport"/>
</testsuite> <!-- Default test -->
