<?xml version="1.0" encoding="UTF-8"?>
<!-- Generated by org.testng.reporters.JUnitXMLReporter -->
<testsuite hostname="DESKTOP-DD4D3IC" name="Default test" tests="4" failures="0" timestamp="11 Jul 2018 10:07:21 GMT" time="0.05" errors="0">
  <testcase name="TestDataProvider" time="0.013" classname="com.parameter.Provider"/>
  <testcase name="TestDataProvider" time="0.001" classname="com.parameter.Provider"/>
  <testcase name="TestDataProvider2" time="0.003" classname="com.parameter.Provider"/>
  <testcase name="TestDataProvider2" time="0.002" classname="com.parameter.Provider"/>
</testsuite> <!-- Default test -->
