<?xml version="1.0" encoding="UTF-8"?>
<testng-results skipped="0" failed="0" total="1" passed="1">
  <reporter-output>
  </reporter-output>
  <suite name="Default suite" duration-ms="408" started-at="2018-08-01T05:28:06Z" finished-at="2018-08-01T05:28:06Z">
    <groups>
    </groups>
    <test name="Default test" duration-ms="408" started-at="2018-08-01T05:28:06Z" finished-at="2018-08-01T05:28:06Z">
      <class name="httpClientDemo.httpClientTest">
        <test-method status="PASS" signature="test()[pri:0, instance:httpClientDemo.httpClientTest@58651fd0]" name="test" duration-ms="391" started-at="2018-08-01T13:28:06Z" finished-at="2018-08-01T13:28:06Z">
          <reporter-output>
          </reporter-output>
        </test-method> <!-- test -->
      </class> <!-- httpClientDemo.httpClientTest -->
    </test> <!-- Default test -->
  </suite> <!-- Default suite -->
</testng-results>
